0 info it worked if it ends with ok
1 verbose cli [ 'node', '/usr/local/bin/npm', 'start' ]
2 info using npm@1.2.2
3 info using node@v0.8.18
4 verbose read json /Users/ian/code/blip/api/package.json
5 warn package.json blipapi@0.0.1-14 No README.md file found!
6 verbose run-script [ 'prestart', 'start', 'poststart' ]
7 info prestart blipapi@0.0.1-14
8 info start blipapi@0.0.1-14
9 verbose unsafe-perm in lifecycle true
10 silly exec sh "-c" "node server.js"
11 silly sh,-c,node server.js,/Users/ian/code/blip/api spawning
12 info blipapi@0.0.1-14 Failed to exec start script
13 error blipapi@0.0.1-14 start: `node server.js`
13 error `sh "-c" "node server.js"` failed with 1
14 error Failed at the blipapi@0.0.1-14 start script.
14 error This is most likely a problem with the blipapi package,
14 error not with npm itself.
14 error Tell the author that this fails on your system:
14 error     node server.js
14 error You can get their info via:
14 error     npm owner ls blipapi
14 error There is likely additional logging output above.
15 error System Darwin 12.3.0
16 error command "node" "/usr/local/bin/npm" "start"
17 error cwd /Users/ian/code/blip/api
18 error node -v v0.8.18
19 error npm -v 1.2.2
20 error code ELIFECYCLE
21 verbose exit [ 1, true ]
